[INFO   ] Logger: Record log in /storage/emulated/0/Download/Python/.kivy/logs/kivy_24-04-13_96.txt
[INFO   ] Kivy: v2.2.1
[INFO   ] Kivy: Installed at "/data/user/0/ru.iiec.pydroid3/files/aarch64-linux-android/lib/python3.11/site-packages/kivy/__init__.py"
[INFO   ] Python: v3.11.4 (main, Sep 30 2023, 10:54:38) [GCC 11.4.0]
[INFO   ] Python: Interpreter at "/data/user/0/ru.iiec.pydroid3/files/aarch64-linux-android/bin/python3"
[INFO   ] Logger: Purge log fired. Processing...
[INFO   ] Logger: Purge finished!
[INFO   ] Factory: 190 symbols loaded
[INFO   ] Image: Providers: img_tex, img_dds, img_sdl2, img_pil (img_ffpyplayer ignored)
[INFO   ] Text: Provider: sdl2
[INFO   ] Audio: Providers: audio_sdl2 (audio_android, audio_ffpyplayer ignored)
[INFO   ] Window: Provider: sdl2
[INFO   ] GL: Using the "OpenGL ES 2" graphics system
[INFO   ] GL: Backend used <sdl2>
[INFO   ] GL: OpenGL version <b'OpenGL ES 3.2 v1.r32p1-01eac0.8135628637558d6d27e8ec61da0ffbb5'>
[INFO   ] GL: OpenGL vendor <b'ARM'>
[INFO   ] GL: OpenGL renderer <b'Mali-G68 MC4'>
[INFO   ] GL: OpenGL parsed version: 3, 2
[INFO   ] GL: Texture max size <16383>
[INFO   ] GL: Texture max units <128>
[INFO   ] Window: auto add sdl2 input provider
[INFO   ] Window: virtual keyboard not allowed, single mode, not docked
[WARNING] stderr: Traceback (most recent call last):
[WARNING] stderr:   File "/data/user/0/ru.iiec.pydroid3/files/aarch64-linux-android/lib/python3.11/site-packages/kivy/lang/builder.py", line 240, in create_handler
[WARNING] stderr:     return eval(value, idmap), bound_list
[WARNING] stderr:            ^^^^^^^^^^^^^^^^^^
[WARNING] stderr:   File "/storage/emulated/0/Download/Python/pong.kv", line 44, in <module>
[WARNING] stderr:     opacity: root.winer_label.opacity# Initially invisible
[WARNING] stderr: ^^^^^^^^^^^^
[WARNING] stderr:   File "kivy/weakproxy.pyx", line 32, in kivy.weakproxy.WeakProxy.__getattr__
[WARNING] stderr: AttributeError: 'PongGame' object has no attribute 'winer_label'. Did you mean: 'winner_label'?
[WARNING] stderr: 
[WARNING] stderr: During handling of the above exception, another exception occurred:
[WARNING] stderr: 
[WARNING] stderr: Traceback (most recent call last):
[WARNING] stderr:   File "/data/user/0/ru.iiec.pydroid3/files/aarch64-linux-android/lib/python3.11/site-packages/kivy/lang/builder.py", line 694, in _apply_rule
[WARNING] stderr:     value, bound = create_handler(
[WARNING] stderr:                    ^^^^^^^^^^^^^^^
[WARNING] stderr:   File "/data/user/0/ru.iiec.pydroid3/files/aarch64-linux-android/lib/python3.11/site-packages/kivy/lang/builder.py", line 243, in create_handler
[WARNING] stderr:     raise BuilderException(rule.ctx, rule.line,
[WARNING] stderr: kivy.lang.builder.BuilderException: Parser: File "/storage/emulated/0/Download/Python/pong.kv", line 44:
[WARNING] stderr: ...
[WARNING] stderr:      42:        font_size: 50
[WARNING] stderr:      43:        center: root.center
[WARNING] stderr: >>   44:        opacity: root.winer_label.opacity# Initially invisible
[WARNING] stderr:      45:        text: "Player 2 won"
[WARNING] stderr:      46:        
[WARNING] stderr: ...
[WARNING] stderr: AttributeError: 'PongGame' object has no attribute 'winer_label'
[WARNING] stderr:   File "/data/user/0/ru.iiec.pydroid3/files/aarch64-linux-android/lib/python3.11/site-packages/kivy/lang/builder.py", line 240, in create_handler
[WARNING] stderr:     return eval(value, idmap), bound_list
[WARNING] stderr:            ^^^^^^^^^^^^^^^^^^
[WARNING] stderr:   File "/storage/emulated/0/Download/Python/pong.kv", line 44, in <module>
[WARNING] stderr:     opacity: root.winer_label.opacity# Initially invisible
[WARNING] stderr:     ^^^^^^^^^^^^^^^^
[WARNING] stderr:   File "kivy/weakproxy.pyx", line 32, in kivy.weakproxy.WeakProxy.__getattr__
[WARNING] stderr: 
[WARNING] stderr: 
[WARNING] stderr: During handling of the above exception, another exception occurred:
[WARNING] stderr: 
[WARNING] stderr: Traceback (most recent call last):
[WARNING] stderr:   File "/storage/emulated/0/Download/Python/main.py", line 32, in <module>
[WARNING] stderr:   File "/data/user/0/ru.iiec.pydroid3/files/aarch64-linux-android/lib/python3.11/site-packages/kivy/app.py", line 955, in run
[WARNING] stderr:     self._run_prepare()
[WARNING] stderr:   File "/data/user/0/ru.iiec.pydroid3/files/aarch64-linux-android/lib/python3.11/site-packages/kivy/app.py", line 925, in _run_prepare
[WARNING] stderr:     root = self.build()
[WARNING] stderr:            ^^^^^^^^^^^^
[WARNING] stderr:   File "/storage/emulated/0/Download/Python/main.py", line 12, in build
[WARNING] stderr:     game = PongGame()
[WARNING] stderr:            ^^^^^^^^^^
[WARNING] stderr:   File "/data/user/0/ru.iiec.pydroid3/files/aarch64-linux-android/lib/python3.11/site-packages/kivy/uix/widget.py", line 366, in __init__
[WARNING] stderr:     self.apply_class_lang_rules(
[WARNING] stderr:   File "/data/user/0/ru.iiec.pydroid3/files/aarch64-linux-android/lib/python3.11/site-packages/kivy/uix/widget.py", line 470, in apply_class_lang_rules
[WARNING] stderr:     Builder.apply(
[WARNING] stderr:   File "/data/user/0/ru.iiec.pydroid3/files/aarch64-linux-android/lib/python3.11/site-packages/kivy/lang/builder.py", line 540, in apply
[WARNING] stderr:     self._apply_rule(
[WARNING] stderr:   File "/data/user/0/ru.iiec.pydroid3/files/aarch64-linux-android/lib/python3.11/site-packages/kivy/lang/builder.py", line 709, in _apply_rule
[WARNING] stderr:     raise BuilderException(rule.ctx, rule.line,
[WARNING] stderr: kivy.lang.builder.BuilderException: Parser: File "/storage/emulated/0/Download/Python/pong.kv", line 44:
[WARNING] stderr: ...
[WARNING] stderr:      42:        font_size: 50
[WARNING] stderr:      43:        center: root.center
[WARNING] stderr: >>   44:        opacity: root.winer_label.opacity# Initially invisible
[WARNING] stderr:      45:        text: "Player 2 won"
[WARNING] stderr:      46:        
[WARNING] stderr: ...
[WARNING] stderr: BuilderException: Parser: File "/storage/emulated/0/Download/Python/pong.kv", line 44:
[WARNING] stderr: ...
[WARNING] stderr:      42:        font_size: 50
[WARNING] stderr:      43:        center: root.center
[WARNING] stderr: >>   44:        opacity: root.winer_label.opacity# Initially invisible
[WARNING] stderr:      45:        text: "Player 2 won"
[WARNING] stderr:      46:        
[WARNING] stderr: ...
[WARNING] stderr: AttributeError: 'PongGame' object has no attribute 'winer_label'
[WARNING] stderr:   File "/data/user/0/ru.iiec.pydroid3/files/aarch64-linux-android/lib/python3.11/site-packages/kivy/lang/builder.py", line 240, in create_handler
[WARNING] stderr:     return eval(value, idmap), bound_list
[WARNING] stderr:            ^^^^^^^^^^^^^^^^^^
[WARNING] stderr:   File "/storage/emulated/0/Download/Python/pong.kv", line 44, in <module>
[WARNING] stderr:     opacity: root.winer_label.opacity# Initially invisible
[WARNING] stderr:     ^^^^^^^^^^^^^^^^
[WARNING] stderr:   File "kivy/weakproxy.pyx", line 32, in kivy.weakproxy.WeakProxy.__getattr__
[WARNING] stderr: 
[WARNING] stderr:   File "/data/user/0/ru.iiec.pydroid3/files/aarch64-linux-android/lib/python3.11/site-packages/kivy/lang/builder.py", line 694, in _apply_rule
[WARNING] stderr:     value, bound = create_handler(
[WARNING] stderr:                    ^^^^^^^^^^^^^^^
[WARNING] stderr:   File "/data/user/0/ru.iiec.pydroid3/files/aarch64-linux-android/lib/python3.11/site-packages/kivy/lang/builder.py", line 243, in create_handler
[WARNING] stderr:     raise BuilderException(rule.ctx, rule.line,
[WARNING] stderr: 
